<?xml version="1.0" encoding="UTF-8"?>
<testng-results ignored="0" total="1" passed="1" failed="0" skipped="0">
  <reporter-output>
  </reporter-output>
  <suite started-at="2023-10-02T15:56:38 IST" name="SelendroidApp" finished-at="2023-10-02T15:57:06 IST" duration-ms="28563">
    <groups>
    </groups>
    <test started-at="2023-10-02T15:56:38 IST" name="SelendroidAppReg" finished-at="2023-10-02T15:57:06 IST" duration-ms="28563">
      <class name="TestExecution.TestCase">
        <test-method is-config="true" signature="config()[pri:0, instance:TestExecution.TestCase@2e005c4b]" started-at="2023-10-02T15:56:07 IST" name="config" finished-at="2023-10-02T15:56:38 IST" duration-ms="30504" status="PASS">
          <reporter-output>
          </reporter-output>
        </test-method> <!-- config -->
        <test-method signature="UserReg()[pri:0, instance:TestExecution.TestCase@2e005c4b]" started-at="2023-10-02T15:56:38 IST" name="UserReg" finished-at="2023-10-02T15:57:06 IST" duration-ms="28510" status="PASS">
          <reporter-output>
          </reporter-output>
        </test-method> <!-- UserReg -->
      </class> <!-- TestExecution.TestCase -->
    </test> <!-- SelendroidAppReg -->
  </suite> <!-- SelendroidApp -->
</testng-results>
